2015/09/11 05:41:04 [error] [exception.CHttpException.404] exception 'CHttpException' with message 'Unable to resolve the request "gii".' in C:\wamp\www\yii\framework\web\CWebApplication.php:286
Stack trace:
#0 C:\wamp\www\yii\framework\web\CWebApplication.php(141): CWebApplication->runController('gii')
#1 C:\wamp\www\yii\framework\base\CApplication.php(184): CWebApplication->processRequest()
#2 C:\wamp\www\yii\jardin\index.php(13): CApplication->run()
#3 {main}
REQUEST_URI=/yii/jardin/?r=gii
---
2015/09/11 05:41:57 [error] [exception.CHttpException.404] exception 'CHttpException' with message 'Unable to resolve the request "gii".' in C:\wamp\www\yii\framework\web\CWebApplication.php:286
Stack trace:
#0 C:\wamp\www\yii\framework\web\CWebApplication.php(141): CWebApplication->runController('gii')
#1 C:\wamp\www\yii\framework\base\CApplication.php(184): CWebApplication->processRequest()
#2 C:\wamp\www\yii\jardin\index.php(13): CApplication->run()
#3 {main}
REQUEST_URI=/yii/jardin/index.php?r=gii
---
2015/09/11 05:42:11 [error] [exception.CHttpException.404] exception 'CHttpException' with message 'Unable to resolve the request "gii/default/index".' in C:\wamp\www\yii\framework\web\CWebApplication.php:286
Stack trace:
#0 C:\wamp\www\yii\framework\web\CWebApplication.php(141): CWebApplication->runController('gii/default/ind...')
#1 C:\wamp\www\yii\framework\base\CApplication.php(184): CWebApplication->processRequest()
#2 C:\wamp\www\yii\jardin\index.php(13): CApplication->run()
#3 {main}
REQUEST_URI=/yii/jardin/index.php?r=gii/default/index
---
2015/09/11 06:44:35 [error] [php] include(USER.php): failed to open stream: No such file or directory (C:\wamp\www\yii\framework\YiiBase.php:432)
Stack trace:
#0 C:\wamp\www\yii\jardin\protected\components\UserIdentity.php(29): spl_autoload_call()
#1 C:\wamp\www\yii\jardin\protected\models\LoginForm.php(52): UserIdentity->authenticate()
#2 C:\wamp\www\yii\framework\validators\CInlineValidator.php(42): LoginForm->authenticate()
#3 C:\wamp\www\yii\framework\validators\CValidator.php(201): CInlineValidator->validateAttribute()
#4 C:\wamp\www\yii\framework\base\CModel.php(159): CInlineValidator->validate()
#5 C:\wamp\www\yii\jardin\protected\controllers\SiteController.php(94): LoginForm->validate()
#6 C:\wamp\www\yii\framework\web\actions\CInlineAction.php(49): SiteController->actionLogin()
#7 C:\wamp\www\yii\framework\web\CController.php(308): CInlineAction->runWithParams()
#8 C:\wamp\www\yii\framework\web\CController.php(286): SiteController->runAction()
#9 C:\wamp\www\yii\framework\web\CController.php(265): SiteController->runActionWithFilters()
#10 C:\wamp\www\yii\framework\web\CWebApplication.php(282): SiteController->run()
#11 C:\wamp\www\yii\framework\web\CWebApplication.php(141): CWebApplication->runController()
#12 C:\wamp\www\yii\framework\base\CApplication.php(184): CWebApplication->processRequest()
#13 C:\wamp\www\yii\jardin\index.php(13): CWebApplication->run()
REQUEST_URI=/yii/jardin/index.php?r=site/login
in C:\wamp\www\yii\jardin\protected\components\UserIdentity.php (29)
in C:\wamp\www\yii\jardin\protected\models\LoginForm.php (52)
in C:\wamp\www\yii\jardin\protected\controllers\SiteController.php (94)
2015/09/11 06:48:02 [error] [exception.CHttpException.404] exception 'CHttpException' with message 'Unable to resolve the request "uSER/index".' in C:\wamp\www\yii\framework\web\CWebApplication.php:286
Stack trace:
#0 C:\wamp\www\yii\framework\web\CWebApplication.php(141): CWebApplication->runController('uSER/index')
#1 C:\wamp\www\yii\framework\base\CApplication.php(184): CWebApplication->processRequest()
#2 C:\wamp\www\yii\jardin\index.php(13): CApplication->run()
#3 {main}
REQUEST_URI=/yii/jardin/index.php?r=uSER/index
HTTP_REFERER=http://localhost/yii/jardin/index.php
---
2015/09/11 06:48:29 [error] [exception.CHttpException.404] exception 'CHttpException' with message 'Unable to resolve the request "USER/index".' in C:\wamp\www\yii\framework\web\CWebApplication.php:286
Stack trace:
#0 C:\wamp\www\yii\framework\web\CWebApplication.php(141): CWebApplication->runController('USER/index')
#1 C:\wamp\www\yii\framework\base\CApplication.php(184): CWebApplication->processRequest()
#2 C:\wamp\www\yii\jardin\index.php(13): CApplication->run()
#3 {main}
REQUEST_URI=/yii/jardin/index.php?r=USER/index
HTTP_REFERER=http://localhost/yii/jardin/index.php?r=site/index
---
2015/09/11 06:48:58 [error] [exception.CHttpException.404] exception 'CHttpException' with message 'Unable to resolve the request "USER/index".' in C:\wamp\www\yii\framework\web\CWebApplication.php:286
Stack trace:
#0 C:\wamp\www\yii\framework\web\CWebApplication.php(141): CWebApplication->runController('USER/index')
#1 C:\wamp\www\yii\framework\base\CApplication.php(184): CWebApplication->processRequest()
#2 C:\wamp\www\yii\jardin\index.php(13): CApplication->run()
#3 {main}
REQUEST_URI=/yii/jardin/index.php?r=USER/index
---
2015/09/11 06:49:02 [error] [exception.CHttpException.404] exception 'CHttpException' with message 'Unable to resolve the request "user/index".' in C:\wamp\www\yii\framework\web\CWebApplication.php:286
Stack trace:
#0 C:\wamp\www\yii\framework\web\CWebApplication.php(141): CWebApplication->runController('user/index')
#1 C:\wamp\www\yii\framework\base\CApplication.php(184): CWebApplication->processRequest()
#2 C:\wamp\www\yii\jardin\index.php(13): CApplication->run()
#3 {main}
REQUEST_URI=/yii/jardin/index.php?r=user/index
HTTP_REFERER=http://localhost/yii/jardin/index.php
---
2015/09/11 06:49:19 [error] [exception.CHttpException.404] exception 'CHttpException' with message 'Unable to resolve the request "user/index".' in C:\wamp\www\yii\framework\web\CWebApplication.php:286
Stack trace:
#0 C:\wamp\www\yii\framework\web\CWebApplication.php(141): CWebApplication->runController('user/index')
#1 C:\wamp\www\yii\framework\base\CApplication.php(184): CWebApplication->processRequest()
#2 C:\wamp\www\yii\jardin\index.php(13): CApplication->run()
#3 {main}
REQUEST_URI=/yii/jardin/index.php?r=user/index
---
2015/09/11 06:52:45 [error] [exception.CHttpException.404] exception 'CHttpException' with message 'Unable to resolve the request "user/index".' in C:\wamp\www\yii\framework\web\CWebApplication.php:286
Stack trace:
#0 C:\wamp\www\yii\framework\web\CWebApplication.php(141): CWebApplication->runController('user/index')
#1 C:\wamp\www\yii\framework\base\CApplication.php(184): CWebApplication->processRequest()
#2 C:\wamp\www\yii\jardin\index.php(13): CApplication->run()
#3 {main}
REQUEST_URI=/yii/jardin/index.php?r=user/index
HTTP_REFERER=http://localhost/yii/jardin/index.php?r=site/contact
---
2015/09/11 06:52:54 [error] [php] include(USER.php): failed to open stream: No such file or directory (C:\wamp\www\yii\framework\YiiBase.php:432)
Stack trace:
#0 C:\wamp\www\yii\jardin\protected\components\UserIdentity.php(29): spl_autoload_call()
#1 C:\wamp\www\yii\jardin\protected\models\LoginForm.php(52): UserIdentity->authenticate()
#2 C:\wamp\www\yii\framework\validators\CInlineValidator.php(42): LoginForm->authenticate()
#3 C:\wamp\www\yii\framework\validators\CValidator.php(201): CInlineValidator->validateAttribute()
#4 C:\wamp\www\yii\framework\base\CModel.php(159): CInlineValidator->validate()
#5 C:\wamp\www\yii\jardin\protected\controllers\SiteController.php(94): LoginForm->validate()
#6 C:\wamp\www\yii\framework\web\actions\CInlineAction.php(49): SiteController->actionLogin()
#7 C:\wamp\www\yii\framework\web\CController.php(308): CInlineAction->runWithParams()
#8 C:\wamp\www\yii\framework\web\CController.php(286): SiteController->runAction()
#9 C:\wamp\www\yii\framework\web\CController.php(265): SiteController->runActionWithFilters()
#10 C:\wamp\www\yii\framework\web\CWebApplication.php(282): SiteController->run()
#11 C:\wamp\www\yii\framework\web\CWebApplication.php(141): CWebApplication->runController()
#12 C:\wamp\www\yii\framework\base\CApplication.php(184): CWebApplication->processRequest()
#13 C:\wamp\www\yii\jardin\index.php(13): CWebApplication->run()
REQUEST_URI=/yii/jardin/index.php?r=site/login
in C:\wamp\www\yii\jardin\protected\components\UserIdentity.php (29)
in C:\wamp\www\yii\jardin\protected\models\LoginForm.php (52)
in C:\wamp\www\yii\jardin\protected\controllers\SiteController.php (94)
2015/09/11 06:53:11 [error] [exception.CHttpException.404] exception 'CHttpException' with message 'Unable to resolve the request "user/index".' in C:\wamp\www\yii\framework\web\CWebApplication.php:286
Stack trace:
#0 C:\wamp\www\yii\framework\web\CWebApplication.php(141): CWebApplication->runController('user/index')
#1 C:\wamp\www\yii\framework\base\CApplication.php(184): CWebApplication->processRequest()
#2 C:\wamp\www\yii\jardin\index.php(13): CApplication->run()
#3 {main}
REQUEST_URI=/yii/jardin/index.php?r=user/index
HTTP_REFERER=http://localhost/yii/jardin/index.php?r=site/login
---
2015/09/11 06:56:24 [error] [exception.CHttpException.404] exception 'CHttpException' with message 'Unable to resolve the request "user/index".' in C:\wamp\www\yii\framework\web\CWebApplication.php:286
Stack trace:
#0 C:\wamp\www\yii\framework\web\CWebApplication.php(141): CWebApplication->runController('user/index')
#1 C:\wamp\www\yii\framework\base\CApplication.php(184): CWebApplication->processRequest()
#2 C:\wamp\www\yii\jardin\index.php(13): CApplication->run()
#3 {main}
REQUEST_URI=/yii/jardin/index.php?r=user/index
---
2015/09/11 06:56:27 [error] [exception.CHttpException.404] exception 'CHttpException' with message 'Unable to resolve the request "user/index".' in C:\wamp\www\yii\framework\web\CWebApplication.php:286
Stack trace:
#0 C:\wamp\www\yii\framework\web\CWebApplication.php(141): CWebApplication->runController('user/index')
#1 C:\wamp\www\yii\framework\base\CApplication.php(184): CWebApplication->processRequest()
#2 C:\wamp\www\yii\jardin\index.php(13): CApplication->run()
#3 {main}
REQUEST_URI=/yii/jardin/index.php?r=user/index
---
2015/09/11 06:56:55 [error] [php] include(USER.php): failed to open stream: No such file or directory (C:\wamp\www\yii\framework\YiiBase.php:432)
Stack trace:
#0 C:\wamp\www\yii\jardin\protected\components\UserIdentity.php(29): spl_autoload_call()
#1 C:\wamp\www\yii\jardin\protected\models\LoginForm.php(52): UserIdentity->authenticate()
#2 C:\wamp\www\yii\framework\validators\CInlineValidator.php(42): LoginForm->authenticate()
#3 C:\wamp\www\yii\framework\validators\CValidator.php(201): CInlineValidator->validateAttribute()
#4 C:\wamp\www\yii\framework\base\CModel.php(159): CInlineValidator->validate()
#5 C:\wamp\www\yii\jardin\protected\controllers\SiteController.php(94): LoginForm->validate()
#6 C:\wamp\www\yii\framework\web\actions\CInlineAction.php(49): SiteController->actionLogin()
#7 C:\wamp\www\yii\framework\web\CController.php(308): CInlineAction->runWithParams()
#8 C:\wamp\www\yii\framework\web\CController.php(286): SiteController->runAction()
#9 C:\wamp\www\yii\framework\web\CController.php(265): SiteController->runActionWithFilters()
#10 C:\wamp\www\yii\framework\web\CWebApplication.php(282): SiteController->run()
#11 C:\wamp\www\yii\framework\web\CWebApplication.php(141): CWebApplication->runController()
#12 C:\wamp\www\yii\framework\base\CApplication.php(184): CWebApplication->processRequest()
#13 C:\wamp\www\yii\jardin\index.php(13): CWebApplication->run()
REQUEST_URI=/yii/jardin/index.php?r=site/login
in C:\wamp\www\yii\jardin\protected\components\UserIdentity.php (29)
in C:\wamp\www\yii\jardin\protected\models\LoginForm.php (52)
in C:\wamp\www\yii\jardin\protected\controllers\SiteController.php (94)
2015/09/11 06:58:54 [error] [php] include(USER.php): failed to open stream: No such file or directory (C:\wamp\www\yii\framework\YiiBase.php:432)
Stack trace:
#0 C:\wamp\www\yii\jardin\protected\components\UserIdentity.php(29): spl_autoload_call()
#1 C:\wamp\www\yii\jardin\protected\models\LoginForm.php(52): UserIdentity->authenticate()
#2 C:\wamp\www\yii\framework\validators\CInlineValidator.php(42): LoginForm->authenticate()
#3 C:\wamp\www\yii\framework\validators\CValidator.php(201): CInlineValidator->validateAttribute()
#4 C:\wamp\www\yii\framework\base\CModel.php(159): CInlineValidator->validate()
#5 C:\wamp\www\yii\jardin\protected\controllers\SiteController.php(94): LoginForm->validate()
#6 C:\wamp\www\yii\framework\web\actions\CInlineAction.php(49): SiteController->actionLogin()
#7 C:\wamp\www\yii\framework\web\CController.php(308): CInlineAction->runWithParams()
#8 C:\wamp\www\yii\framework\web\CController.php(286): SiteController->runAction()
#9 C:\wamp\www\yii\framework\web\CController.php(265): SiteController->runActionWithFilters()
#10 C:\wamp\www\yii\framework\web\CWebApplication.php(282): SiteController->run()
#11 C:\wamp\www\yii\framework\web\CWebApplication.php(141): CWebApplication->runController()
#12 C:\wamp\www\yii\framework\base\CApplication.php(184): CWebApplication->processRequest()
#13 C:\wamp\www\yii\jardin\index.php(13): CWebApplication->run()
REQUEST_URI=/yii/jardin/index.php?r=site/login
in C:\wamp\www\yii\jardin\protected\components\UserIdentity.php (29)
in C:\wamp\www\yii\jardin\protected\models\LoginForm.php (52)
in C:\wamp\www\yii\jardin\protected\controllers\SiteController.php (94)
2015/09/11 06:59:09 [error] [php] include(USER.php): failed to open stream: No such file or directory (C:\wamp\www\yii\framework\YiiBase.php:432)
Stack trace:
#0 C:\wamp\www\yii\jardin\protected\components\UserIdentity.php(29): spl_autoload_call()
#1 C:\wamp\www\yii\jardin\protected\models\LoginForm.php(52): UserIdentity->authenticate()
#2 C:\wamp\www\yii\framework\validators\CInlineValidator.php(42): LoginForm->authenticate()
#3 C:\wamp\www\yii\framework\validators\CValidator.php(201): CInlineValidator->validateAttribute()
#4 C:\wamp\www\yii\framework\base\CModel.php(159): CInlineValidator->validate()
#5 C:\wamp\www\yii\jardin\protected\controllers\SiteController.php(94): LoginForm->validate()
#6 C:\wamp\www\yii\framework\web\actions\CInlineAction.php(49): SiteController->actionLogin()
#7 C:\wamp\www\yii\framework\web\CController.php(308): CInlineAction->runWithParams()
#8 C:\wamp\www\yii\framework\web\CController.php(286): SiteController->runAction()
#9 C:\wamp\www\yii\framework\web\CController.php(265): SiteController->runActionWithFilters()
#10 C:\wamp\www\yii\framework\web\CWebApplication.php(282): SiteController->run()
#11 C:\wamp\www\yii\framework\web\CWebApplication.php(141): CWebApplication->runController()
#12 C:\wamp\www\yii\framework\base\CApplication.php(184): CWebApplication->processRequest()
#13 C:\wamp\www\yii\jardin\index.php(13): CWebApplication->run()
REQUEST_URI=/yii/jardin/index.php?r=site/login
in C:\wamp\www\yii\jardin\protected\components\UserIdentity.php (29)
in C:\wamp\www\yii\jardin\protected\models\LoginForm.php (52)
in C:\wamp\www\yii\jardin\protected\controllers\SiteController.php (94)
2015/09/11 06:59:25 [error] [php] include(USER.php): failed to open stream: No such file or directory (C:\wamp\www\yii\framework\YiiBase.php:432)
Stack trace:
#0 C:\wamp\www\yii\jardin\protected\components\UserIdentity.php(29): spl_autoload_call()
#1 C:\wamp\www\yii\jardin\protected\models\LoginForm.php(52): UserIdentity->authenticate()
#2 C:\wamp\www\yii\framework\validators\CInlineValidator.php(42): LoginForm->authenticate()
#3 C:\wamp\www\yii\framework\validators\CValidator.php(201): CInlineValidator->validateAttribute()
#4 C:\wamp\www\yii\framework\base\CModel.php(159): CInlineValidator->validate()
#5 C:\wamp\www\yii\jardin\protected\controllers\SiteController.php(94): LoginForm->validate()
#6 C:\wamp\www\yii\framework\web\actions\CInlineAction.php(49): SiteController->actionLogin()
#7 C:\wamp\www\yii\framework\web\CController.php(308): CInlineAction->runWithParams()
#8 C:\wamp\www\yii\framework\web\CController.php(286): SiteController->runAction()
#9 C:\wamp\www\yii\framework\web\CController.php(265): SiteController->runActionWithFilters()
#10 C:\wamp\www\yii\framework\web\CWebApplication.php(282): SiteController->run()
#11 C:\wamp\www\yii\framework\web\CWebApplication.php(141): CWebApplication->runController()
#12 C:\wamp\www\yii\framework\base\CApplication.php(184): CWebApplication->processRequest()
#13 C:\wamp\www\yii\jardin\index.php(13): CWebApplication->run()
REQUEST_URI=/yii/jardin/index.php?r=site/login
in C:\wamp\www\yii\jardin\protected\components\UserIdentity.php (29)
in C:\wamp\www\yii\jardin\protected\models\LoginForm.php (52)
in C:\wamp\www\yii\jardin\protected\controllers\SiteController.php (94)
2015/09/11 06:59:33 [error] [php] include(USER.php): failed to open stream: No such file or directory (C:\wamp\www\yii\framework\YiiBase.php:432)
Stack trace:
#0 C:\wamp\www\yii\jardin\protected\components\UserIdentity.php(29): spl_autoload_call()
#1 C:\wamp\www\yii\jardin\protected\models\LoginForm.php(52): UserIdentity->authenticate()
#2 C:\wamp\www\yii\framework\validators\CInlineValidator.php(42): LoginForm->authenticate()
#3 C:\wamp\www\yii\framework\validators\CValidator.php(201): CInlineValidator->validateAttribute()
#4 C:\wamp\www\yii\framework\base\CModel.php(159): CInlineValidator->validate()
#5 C:\wamp\www\yii\jardin\protected\controllers\SiteController.php(94): LoginForm->validate()
#6 C:\wamp\www\yii\framework\web\actions\CInlineAction.php(49): SiteController->actionLogin()
#7 C:\wamp\www\yii\framework\web\CController.php(308): CInlineAction->runWithParams()
#8 C:\wamp\www\yii\framework\web\CController.php(286): SiteController->runAction()
#9 C:\wamp\www\yii\framework\web\CController.php(265): SiteController->runActionWithFilters()
#10 C:\wamp\www\yii\framework\web\CWebApplication.php(282): SiteController->run()
#11 C:\wamp\www\yii\framework\web\CWebApplication.php(141): CWebApplication->runController()
#12 C:\wamp\www\yii\framework\base\CApplication.php(184): CWebApplication->processRequest()
#13 C:\wamp\www\yii\jardin\index.php(13): CWebApplication->run()
REQUEST_URI=/yii/jardin/index.php?r=site/login
in C:\wamp\www\yii\jardin\protected\components\UserIdentity.php (29)
in C:\wamp\www\yii\jardin\protected\models\LoginForm.php (52)
in C:\wamp\www\yii\jardin\protected\controllers\SiteController.php (94)
2015/09/11 07:01:07 [error] [php] include(USER.php): failed to open stream: No such file or directory (C:\wamp\www\yii\framework\YiiBase.php:432)
Stack trace:
#0 C:\wamp\www\yii\jardin\protected\components\UserIdentity.php(29): spl_autoload_call()
#1 C:\wamp\www\yii\jardin\protected\models\LoginForm.php(52): UserIdentity->authenticate()
#2 C:\wamp\www\yii\framework\validators\CInlineValidator.php(42): LoginForm->authenticate()
#3 C:\wamp\www\yii\framework\validators\CValidator.php(201): CInlineValidator->validateAttribute()
#4 C:\wamp\www\yii\framework\base\CModel.php(159): CInlineValidator->validate()
#5 C:\wamp\www\yii\jardin\protected\controllers\SiteController.php(94): LoginForm->validate()
#6 C:\wamp\www\yii\framework\web\actions\CInlineAction.php(49): SiteController->actionLogin()
#7 C:\wamp\www\yii\framework\web\CController.php(308): CInlineAction->runWithParams()
#8 C:\wamp\www\yii\framework\web\CController.php(286): SiteController->runAction()
#9 C:\wamp\www\yii\framework\web\CController.php(265): SiteController->runActionWithFilters()
#10 C:\wamp\www\yii\framework\web\CWebApplication.php(282): SiteController->run()
#11 C:\wamp\www\yii\framework\web\CWebApplication.php(141): CWebApplication->runController()
#12 C:\wamp\www\yii\framework\base\CApplication.php(184): CWebApplication->processRequest()
#13 C:\wamp\www\yii\jardin\index.php(13): CWebApplication->run()
REQUEST_URI=/yii/jardin/index.php?r=site/login
in C:\wamp\www\yii\jardin\protected\components\UserIdentity.php (29)
in C:\wamp\www\yii\jardin\protected\models\LoginForm.php (52)
in C:\wamp\www\yii\jardin\protected\controllers\SiteController.php (94)
2015/09/11 08:51:33 [error] [exception.CHttpException.404] exception 'CHttpException' with message 'The requested view "Quienes somos" was not found.' in C:\wamp\www\yii\framework\web\actions\CViewAction.php:112
Stack trace:
#0 C:\wamp\www\yii\framework\web\actions\CViewAction.php(123): CViewAction->resolveView('Quienes somos')
#1 C:\wamp\www\yii\framework\web\actions\CAction.php(76): CViewAction->run()
#2 C:\wamp\www\yii\framework\web\CController.php(308): CAction->runWithParams(Array)
#3 C:\wamp\www\yii\framework\web\CController.php(286): CController->runAction(Object(CViewAction))
#4 C:\wamp\www\yii\framework\web\CController.php(265): CController->runActionWithFilters(Object(CViewAction), Array)
#5 C:\wamp\www\yii\framework\web\CWebApplication.php(282): CController->run('page')
#6 C:\wamp\www\yii\framework\web\CWebApplication.php(141): CWebApplication->runController('site/page')
#7 C:\wamp\www\yii\framework\base\CApplication.php(184): CWebApplication->processRequest()
#8 C:\wamp\www\yii\jardin\index.php(13): CApplication->run()
#9 {main}
REQUEST_URI=/yii/jardin/index.php?r=site/page&view=Quienes+somos
HTTP_REFERER=http://localhost/yii/jardin/index.php?r=site/index
---
2015/09/11 08:51:51 [error] [exception.CHttpException.404] exception 'CHttpException' with message 'The requested view "Quienes somos" was not found.' in C:\wamp\www\yii\framework\web\actions\CViewAction.php:112
Stack trace:
#0 C:\wamp\www\yii\framework\web\actions\CViewAction.php(123): CViewAction->resolveView('Quienes somos')
#1 C:\wamp\www\yii\framework\web\actions\CAction.php(76): CViewAction->run()
#2 C:\wamp\www\yii\framework\web\CController.php(308): CAction->runWithParams(Array)
#3 C:\wamp\www\yii\framework\web\CController.php(286): CController->runAction(Object(CViewAction))
#4 C:\wamp\www\yii\framework\web\CController.php(265): CController->runActionWithFilters(Object(CViewAction), Array)
#5 C:\wamp\www\yii\framework\web\CWebApplication.php(282): CController->run('page')
#6 C:\wamp\www\yii\framework\web\CWebApplication.php(141): CWebApplication->runController('site/page')
#7 C:\wamp\www\yii\framework\base\CApplication.php(184): CWebApplication->processRequest()
#8 C:\wamp\www\yii\jardin\index.php(13): CApplication->run()
#9 {main}
REQUEST_URI=/yii/jardin/index.php?r=site/page&view=Quienes+somos
HTTP_REFERER=http://localhost/yii/jardin/index.php?r=site/index
---
2015/09/11 08:51:52 [error] [exception.CHttpException.404] exception 'CHttpException' with message 'The requested view "Quienes somos" was not found.' in C:\wamp\www\yii\framework\web\actions\CViewAction.php:112
Stack trace:
#0 C:\wamp\www\yii\framework\web\actions\CViewAction.php(123): CViewAction->resolveView('Quienes somos')
#1 C:\wamp\www\yii\framework\web\actions\CAction.php(76): CViewAction->run()
#2 C:\wamp\www\yii\framework\web\CController.php(308): CAction->runWithParams(Array)
#3 C:\wamp\www\yii\framework\web\CController.php(286): CController->runAction(Object(CViewAction))
#4 C:\wamp\www\yii\framework\web\CController.php(265): CController->runActionWithFilters(Object(CViewAction), Array)
#5 C:\wamp\www\yii\framework\web\CWebApplication.php(282): CController->run('page')
#6 C:\wamp\www\yii\framework\web\CWebApplication.php(141): CWebApplication->runController('site/page')
#7 C:\wamp\www\yii\framework\base\CApplication.php(184): CWebApplication->processRequest()
#8 C:\wamp\www\yii\jardin\index.php(13): CApplication->run()
#9 {main}
REQUEST_URI=/yii/jardin/index.php?r=site/page&view=Quienes+somos
HTTP_REFERER=http://localhost/yii/jardin/index.php?r=site/index
---
2015/09/11 09:00:31 [error] [exception.CException] exception 'CException' with message 'Property "ContactForm.nombre" is not defined.' in C:\wamp\www\yii\framework\base\CComponent.php:130
Stack trace:
#0 C:\wamp\www\yii\framework\web\helpers\CHtml.php(2728): CComponent->__get('nombre')
#1 C:\wamp\www\yii\framework\web\helpers\CHtml.php(2451): CHtml::resolveValue(Object(ContactForm), 'nombre')
#2 C:\wamp\www\yii\framework\web\helpers\CHtml.php(1533): CHtml::activeInputField('text', Object(ContactForm), 'nombre', Array)
#3 C:\wamp\www\yii\framework\web\widgets\CActiveForm.php(792): CHtml::activeTextField(Object(ContactForm), 'nombre', Array)
#4 C:\wamp\www\yii\jardin\protected\views\site\contact.php(41): CActiveForm->textField(Object(ContactForm), 'nombre')
#5 C:\wamp\www\yii\framework\web\CBaseController.php(126): require('C:\\wamp\\www\\yii...')
#6 C:\wamp\www\yii\framework\web\CBaseController.php(95): CBaseController->renderInternal('C:\\wamp\\www\\yii...', Array, true)
#7 C:\wamp\www\yii\framework\web\CController.php(869): CBaseController->renderFile('C:\\wamp\\www\\yii...', Array, true)
#8 C:\wamp\www\yii\framework\web\CController.php(782): CController->renderPartial('contact', Array, true)
#9 C:\wamp\www\yii\jardin\protected\controllers\SiteController.php(72): CController->render('contact', Array)
#10 C:\wamp\www\yii\framework\web\actions\CInlineAction.php(49): SiteController->actionContact()
#11 C:\wamp\www\yii\framework\web\CController.php(308): CInlineAction->runWithParams(Array)
#12 C:\wamp\www\yii\framework\web\CController.php(286): CController->runAction(Object(CInlineAction))
#13 C:\wamp\www\yii\framework\web\CController.php(265): CController->runActionWithFilters(Object(CInlineAction), Array)
#14 C:\wamp\www\yii\framework\web\CWebApplication.php(282): CController->run('contact')
#15 C:\wamp\www\yii\framework\web\CWebApplication.php(141): CWebApplication->runController('site/contact')
#16 C:\wamp\www\yii\framework\base\CApplication.php(184): CWebApplication->processRequest()
#17 C:\wamp\www\yii\jardin\index.php(13): CApplication->run()
#18 {main}
REQUEST_URI=/yii/jardin/index.php?r=site/contact
HTTP_REFERER=http://localhost/yii/jardin/index.php?r=site/page&view=about
---
2015/09/11 09:18:50 [error] [exception.CHttpException.403] exception 'CHttpException' with message 'You are not authorized to perform this action.' in C:\wamp\www\yii\framework\web\auth\CAccessControlFilter.php:182
Stack trace:
#0 C:\wamp\www\yii\framework\web\auth\CAccessControlFilter.php(145): CAccessControlFilter->accessDenied(Object(CWebUser), 'You are not aut...')
#1 C:\wamp\www\yii\framework\web\filters\CFilter.php(38): CAccessControlFilter->preFilter(Object(CFilterChain))
#2 C:\wamp\www\yii\framework\web\CController.php(1145): CFilter->filter(Object(CFilterChain))
#3 C:\wamp\www\yii\framework\web\filters\CInlineFilter.php(58): CController->filterAccessControl(Object(CFilterChain))
#4 C:\wamp\www\yii\framework\web\filters\CFilterChain.php(130): CInlineFilter->filter(Object(CFilterChain))
#5 C:\wamp\www\yii\framework\web\CController.php(291): CFilterChain->run()
#6 C:\wamp\www\yii\framework\web\CController.php(265): CController->runActionWithFilters(Object(CInlineAction), Array)
#7 C:\wamp\www\yii\framework\web\CWebApplication.php(282): CController->run('admin')
#8 C:\wamp\www\yii\framework\web\CWebApplication.php(141): CWebApplication->runController('educadora/admin')
#9 C:\wamp\www\yii\framework\base\CApplication.php(184): CWebApplication->processRequest()
#10 C:\wamp\www\yii\jardin\index.php(13): CApplication->run()
#11 {main}
REQUEST_URI=/yii/jardin/index.php?r=educadora/admin
HTTP_REFERER=http://localhost/yii/jardin/index.php?r=educadora/create
---
2015/09/11 09:19:48 [error] [exception.CHttpException.403] exception 'CHttpException' with message 'You are not authorized to perform this action.' in C:\wamp\www\yii\framework\web\auth\CAccessControlFilter.php:182
Stack trace:
#0 C:\wamp\www\yii\framework\web\auth\CAccessControlFilter.php(145): CAccessControlFilter->accessDenied(Object(CWebUser), 'You are not aut...')
#1 C:\wamp\www\yii\framework\web\filters\CFilter.php(38): CAccessControlFilter->preFilter(Object(CFilterChain))
#2 C:\wamp\www\yii\framework\web\CController.php(1145): CFilter->filter(Object(CFilterChain))
#3 C:\wamp\www\yii\framework\web\filters\CInlineFilter.php(58): CController->filterAccessControl(Object(CFilterChain))
#4 C:\wamp\www\yii\framework\web\filters\CFilterChain.php(130): CInlineFilter->filter(Object(CFilterChain))
#5 C:\wamp\www\yii\framework\web\CController.php(291): CFilterChain->run()
#6 C:\wamp\www\yii\framework\web\CController.php(265): CController->runActionWithFilters(Object(CInlineAction), Array)
#7 C:\wamp\www\yii\framework\web\CWebApplication.php(282): CController->run('admin')
#8 C:\wamp\www\yii\framework\web\CWebApplication.php(141): CWebApplication->runController('educadora/admin')
#9 C:\wamp\www\yii\framework\base\CApplication.php(184): CWebApplication->processRequest()
#10 C:\wamp\www\yii\jardin\index.php(13): CApplication->run()
#11 {main}
REQUEST_URI=/yii/jardin/index.php?r=educadora/admin
HTTP_REFERER=http://localhost/yii/jardin/index.php?r=educadora/index
---
2015/09/11 09:21:57 [error] [exception.CHttpException.403] exception 'CHttpException' with message 'You are not authorized to perform this action.' in C:\wamp\www\yii\framework\web\auth\CAccessControlFilter.php:182
Stack trace:
#0 C:\wamp\www\yii\framework\web\auth\CAccessControlFilter.php(145): CAccessControlFilter->accessDenied(Object(CWebUser), 'You are not aut...')
#1 C:\wamp\www\yii\framework\web\filters\CFilter.php(38): CAccessControlFilter->preFilter(Object(CFilterChain))
#2 C:\wamp\www\yii\framework\web\CController.php(1145): CFilter->filter(Object(CFilterChain))
#3 C:\wamp\www\yii\framework\web\filters\CInlineFilter.php(58): CController->filterAccessControl(Object(CFilterChain))
#4 C:\wamp\www\yii\framework\web\filters\CFilterChain.php(130): CInlineFilter->filter(Object(CFilterChain))
#5 C:\wamp\www\yii\framework\web\CController.php(291): CFilterChain->run()
#6 C:\wamp\www\yii\framework\web\CController.php(265): CController->runActionWithFilters(Object(CInlineAction), Array)
#7 C:\wamp\www\yii\framework\web\CWebApplication.php(282): CController->run('admin')
#8 C:\wamp\www\yii\framework\web\CWebApplication.php(141): CWebApplication->runController('educadora/admin')
#9 C:\wamp\www\yii\framework\base\CApplication.php(184): CWebApplication->processRequest()
#10 C:\wamp\www\yii\jardin\index.php(13): CApplication->run()
#11 {main}
REQUEST_URI=/yii/jardin/index.php?r=educadora/admin
HTTP_REFERER=http://localhost/yii/jardin/index.php?r=educadora/create
---
2015/09/11 09:22:28 [error] [exception.CHttpException.403] exception 'CHttpException' with message 'You are not authorized to perform this action.' in C:\wamp\www\yii\framework\web\auth\CAccessControlFilter.php:182
Stack trace:
#0 C:\wamp\www\yii\framework\web\auth\CAccessControlFilter.php(145): CAccessControlFilter->accessDenied(Object(CWebUser), 'You are not aut...')
#1 C:\wamp\www\yii\framework\web\filters\CFilter.php(38): CAccessControlFilter->preFilter(Object(CFilterChain))
#2 C:\wamp\www\yii\framework\web\CController.php(1145): CFilter->filter(Object(CFilterChain))
#3 C:\wamp\www\yii\framework\web\filters\CInlineFilter.php(58): CController->filterAccessControl(Object(CFilterChain))
#4 C:\wamp\www\yii\framework\web\filters\CFilterChain.php(130): CInlineFilter->filter(Object(CFilterChain))
#5 C:\wamp\www\yii\framework\web\CController.php(291): CFilterChain->run()
#6 C:\wamp\www\yii\framework\web\CController.php(265): CController->runActionWithFilters(Object(CInlineAction), Array)
#7 C:\wamp\www\yii\framework\web\CWebApplication.php(282): CController->run('admin')
#8 C:\wamp\www\yii\framework\web\CWebApplication.php(141): CWebApplication->runController('educadora/admin')
#9 C:\wamp\www\yii\framework\base\CApplication.php(184): CWebApplication->processRequest()
#10 C:\wamp\www\yii\jardin\index.php(13): CApplication->run()
#11 {main}
REQUEST_URI=/yii/jardin/index.php?r=educadora/admin
HTTP_REFERER=http://localhost/yii/jardin/index.php?r=educadora/create
---
2015/09/11 09:24:35 [error] [exception.CHttpException.403] exception 'CHttpException' with message 'You are not authorized to perform this action.' in C:\wamp\www\yii\framework\web\auth\CAccessControlFilter.php:182
Stack trace:
#0 C:\wamp\www\yii\framework\web\auth\CAccessControlFilter.php(145): CAccessControlFilter->accessDenied(Object(CWebUser), 'You are not aut...')
#1 C:\wamp\www\yii\framework\web\filters\CFilter.php(38): CAccessControlFilter->preFilter(Object(CFilterChain))
#2 C:\wamp\www\yii\framework\web\CController.php(1145): CFilter->filter(Object(CFilterChain))
#3 C:\wamp\www\yii\framework\web\filters\CInlineFilter.php(58): CController->filterAccessControl(Object(CFilterChain))
#4 C:\wamp\www\yii\framework\web\filters\CFilterChain.php(130): CInlineFilter->filter(Object(CFilterChain))
#5 C:\wamp\www\yii\framework\web\CController.php(291): CFilterChain->run()
#6 C:\wamp\www\yii\framework\web\CController.php(265): CController->runActionWithFilters(Object(CInlineAction), Array)
#7 C:\wamp\www\yii\framework\web\CWebApplication.php(282): CController->run('admin')
#8 C:\wamp\www\yii\framework\web\CWebApplication.php(141): CWebApplication->runController('parvulo/admin')
#9 C:\wamp\www\yii\framework\base\CApplication.php(184): CWebApplication->processRequest()
#10 C:\wamp\www\yii\jardin\index.php(13): CApplication->run()
#11 {main}
REQUEST_URI=/yii/jardin/index.php?r=parvulo/admin
HTTP_REFERER=http://localhost/yii/jardin/index.php?r=parvulo/index
---
2015/09/11 09:25:06 [error] [exception.CHttpException.403] exception 'CHttpException' with message 'You are not authorized to perform this action.' in C:\wamp\www\yii\framework\web\auth\CAccessControlFilter.php:182
Stack trace:
#0 C:\wamp\www\yii\framework\web\auth\CAccessControlFilter.php(145): CAccessControlFilter->accessDenied(Object(CWebUser), 'You are not aut...')
#1 C:\wamp\www\yii\framework\web\filters\CFilter.php(38): CAccessControlFilter->preFilter(Object(CFilterChain))
#2 C:\wamp\www\yii\framework\web\CController.php(1145): CFilter->filter(Object(CFilterChain))
#3 C:\wamp\www\yii\framework\web\filters\CInlineFilter.php(58): CController->filterAccessControl(Object(CFilterChain))
#4 C:\wamp\www\yii\framework\web\filters\CFilterChain.php(130): CInlineFilter->filter(Object(CFilterChain))
#5 C:\wamp\www\yii\framework\web\CController.php(291): CFilterChain->run()
#6 C:\wamp\www\yii\framework\web\CController.php(265): CController->runActionWithFilters(Object(CInlineAction), Array)
#7 C:\wamp\www\yii\framework\web\CWebApplication.php(282): CController->run('admin')
#8 C:\wamp\www\yii\framework\web\CWebApplication.php(141): CWebApplication->runController('parvulo/admin')
#9 C:\wamp\www\yii\framework\base\CApplication.php(184): CWebApplication->processRequest()
#10 C:\wamp\www\yii\jardin\index.php(13): CApplication->run()
#11 {main}
REQUEST_URI=/yii/jardin/index.php?r=parvulo/admin
HTTP_REFERER=http://localhost/yii/jardin/index.php?r=parvulo/index
---
2015/09/11 09:25:56 [error] [exception.CHttpException.403] exception 'CHttpException' with message 'You are not authorized to perform this action.' in C:\wamp\www\yii\framework\web\auth\CAccessControlFilter.php:182
Stack trace:
#0 C:\wamp\www\yii\framework\web\auth\CAccessControlFilter.php(145): CAccessControlFilter->accessDenied(Object(CWebUser), 'You are not aut...')
#1 C:\wamp\www\yii\framework\web\filters\CFilter.php(38): CAccessControlFilter->preFilter(Object(CFilterChain))
#2 C:\wamp\www\yii\framework\web\CController.php(1145): CFilter->filter(Object(CFilterChain))
#3 C:\wamp\www\yii\framework\web\filters\CInlineFilter.php(58): CController->filterAccessControl(Object(CFilterChain))
#4 C:\wamp\www\yii\framework\web\filters\CFilterChain.php(130): CInlineFilter->filter(Object(CFilterChain))
#5 C:\wamp\www\yii\framework\web\CController.php(291): CFilterChain->run()
#6 C:\wamp\www\yii\framework\web\CController.php(265): CController->runActionWithFilters(Object(CInlineAction), Array)
#7 C:\wamp\www\yii\framework\web\CWebApplication.php(282): CController->run('admin')
#8 C:\wamp\www\yii\framework\web\CWebApplication.php(141): CWebApplication->runController('parvulo/admin')
#9 C:\wamp\www\yii\framework\base\CApplication.php(184): CWebApplication->processRequest()
#10 C:\wamp\www\yii\jardin\index.php(13): CApplication->run()
#11 {main}
REQUEST_URI=/yii/jardin/index.php?r=parvulo/admin
HTTP_REFERER=http://localhost/yii/jardin/index.php?r=parvulo/index
---
2015/09/11 09:26:00 [error] [exception.CHttpException.403] exception 'CHttpException' with message 'You are not authorized to perform this action.' in C:\wamp\www\yii\framework\web\auth\CAccessControlFilter.php:182
Stack trace:
#0 C:\wamp\www\yii\framework\web\auth\CAccessControlFilter.php(145): CAccessControlFilter->accessDenied(Object(CWebUser), 'You are not aut...')
#1 C:\wamp\www\yii\framework\web\filters\CFilter.php(38): CAccessControlFilter->preFilter(Object(CFilterChain))
#2 C:\wamp\www\yii\framework\web\CController.php(1145): CFilter->filter(Object(CFilterChain))
#3 C:\wamp\www\yii\framework\web\filters\CInlineFilter.php(58): CController->filterAccessControl(Object(CFilterChain))
#4 C:\wamp\www\yii\framework\web\filters\CFilterChain.php(130): CInlineFilter->filter(Object(CFilterChain))
#5 C:\wamp\www\yii\framework\web\CController.php(291): CFilterChain->run()
#6 C:\wamp\www\yii\framework\web\CController.php(265): CController->runActionWithFilters(Object(CInlineAction), Array)
#7 C:\wamp\www\yii\framework\web\CWebApplication.php(282): CController->run('admin')
#8 C:\wamp\www\yii\framework\web\CWebApplication.php(141): CWebApplication->runController('parvulo/admin')
#9 C:\wamp\www\yii\framework\base\CApplication.php(184): CWebApplication->processRequest()
#10 C:\wamp\www\yii\jardin\index.php(13): CApplication->run()
#11 {main}
REQUEST_URI=/yii/jardin/index.php?r=parvulo/admin
HTTP_REFERER=http://localhost/yii/jardin/index.php?r=parvulo&view=view
---
2015/09/11 09:30:55 [error] [exception.CHttpException.403] exception 'CHttpException' with message 'You are not authorized to perform this action.' in C:\wamp\www\yii\framework\web\auth\CAccessControlFilter.php:182
Stack trace:
#0 C:\wamp\www\yii\framework\web\auth\CAccessControlFilter.php(145): CAccessControlFilter->accessDenied(Object(CWebUser), 'You are not aut...')
#1 C:\wamp\www\yii\framework\web\filters\CFilter.php(38): CAccessControlFilter->preFilter(Object(CFilterChain))
#2 C:\wamp\www\yii\framework\web\CController.php(1145): CFilter->filter(Object(CFilterChain))
#3 C:\wamp\www\yii\framework\web\filters\CInlineFilter.php(58): CController->filterAccessControl(Object(CFilterChain))
#4 C:\wamp\www\yii\framework\web\filters\CFilterChain.php(130): CInlineFilter->filter(Object(CFilterChain))
#5 C:\wamp\www\yii\framework\web\CController.php(291): CFilterChain->run()
#6 C:\wamp\www\yii\framework\web\CController.php(265): CController->runActionWithFilters(Object(CInlineAction), Array)
#7 C:\wamp\www\yii\framework\web\CWebApplication.php(282): CController->run('admin')
#8 C:\wamp\www\yii\framework\web\CWebApplication.php(141): CWebApplication->runController('educadora/admin')
#9 C:\wamp\www\yii\framework\base\CApplication.php(184): CWebApplication->processRequest()
#10 C:\wamp\www\yii\jardin\index.php(13): CApplication->run()
#11 {main}
REQUEST_URI=/yii/jardin/index.php?r=educadora/admin
HTTP_REFERER=http://localhost/yii/jardin/index.php?r=educadora/create
---
2015/09/11 09:30:59 [error] [exception.CHttpException.403] exception 'CHttpException' with message 'You are not authorized to perform this action.' in C:\wamp\www\yii\framework\web\auth\CAccessControlFilter.php:182
Stack trace:
#0 C:\wamp\www\yii\framework\web\auth\CAccessControlFilter.php(145): CAccessControlFilter->accessDenied(Object(CWebUser), 'You are not aut...')
#1 C:\wamp\www\yii\framework\web\filters\CFilter.php(38): CAccessControlFilter->preFilter(Object(CFilterChain))
#2 C:\wamp\www\yii\framework\web\CController.php(1145): CFilter->filter(Object(CFilterChain))
#3 C:\wamp\www\yii\framework\web\filters\CInlineFilter.php(58): CController->filterAccessControl(Object(CFilterChain))
#4 C:\wamp\www\yii\framework\web\filters\CFilterChain.php(130): CInlineFilter->filter(Object(CFilterChain))
#5 C:\wamp\www\yii\framework\web\CController.php(291): CFilterChain->run()
#6 C:\wamp\www\yii\framework\web\CController.php(265): CController->runActionWithFilters(Object(CInlineAction), Array)
#7 C:\wamp\www\yii\framework\web\CWebApplication.php(282): CController->run('admin')
#8 C:\wamp\www\yii\framework\web\CWebApplication.php(141): CWebApplication->runController('educadora/admin')
#9 C:\wamp\www\yii\framework\base\CApplication.php(184): CWebApplication->processRequest()
#10 C:\wamp\www\yii\jardin\index.php(13): CApplication->run()
#11 {main}
REQUEST_URI=/yii/jardin/index.php?r=educadora/admin
HTTP_REFERER=http://localhost/yii/jardin/index.php?r=educadora/create
---
2015/09/11 09:41:25 [error] [exception.CHttpException.403] exception 'CHttpException' with message 'You are not authorized to perform this action.' in C:\wamp\www\yii\framework\web\auth\CAccessControlFilter.php:182
Stack trace:
#0 C:\wamp\www\yii\framework\web\auth\CAccessControlFilter.php(145): CAccessControlFilter->accessDenied(Object(CWebUser), 'You are not aut...')
#1 C:\wamp\www\yii\framework\web\filters\CFilter.php(38): CAccessControlFilter->preFilter(Object(CFilterChain))
#2 C:\wamp\www\yii\framework\web\CController.php(1145): CFilter->filter(Object(CFilterChain))
#3 C:\wamp\www\yii\framework\web\filters\CInlineFilter.php(58): CController->filterAccessControl(Object(CFilterChain))
#4 C:\wamp\www\yii\framework\web\filters\CFilterChain.php(130): CInlineFilter->filter(Object(CFilterChain))
#5 C:\wamp\www\yii\framework\web\CController.php(291): CFilterChain->run()
#6 C:\wamp\www\yii\framework\web\CController.php(265): CController->runActionWithFilters(Object(CInlineAction), Array)
#7 C:\wamp\www\yii\framework\web\CWebApplication.php(282): CController->run('admin')
#8 C:\wamp\www\yii\framework\web\CWebApplication.php(141): CWebApplication->runController('parvulo/admin')
#9 C:\wamp\www\yii\framework\base\CApplication.php(184): CWebApplication->processRequest()
#10 C:\wamp\www\yii\jardin\index.php(13): CApplication->run()
#11 {main}
REQUEST_URI=/yii/jardin/index.php?r=parvulo/admin
HTTP_REFERER=http://localhost/yii/jardin/index.php?r=site/login
---
2015/09/11 09:42:58 [error] [exception.CHttpException.403] exception 'CHttpException' with message 'You are not authorized to perform this action.' in C:\wamp\www\yii\framework\web\auth\CAccessControlFilter.php:182
Stack trace:
#0 C:\wamp\www\yii\framework\web\auth\CAccessControlFilter.php(145): CAccessControlFilter->accessDenied(Object(CWebUser), 'You are not aut...')
#1 C:\wamp\www\yii\framework\web\filters\CFilter.php(38): CAccessControlFilter->preFilter(Object(CFilterChain))
#2 C:\wamp\www\yii\framework\web\CController.php(1145): CFilter->filter(Object(CFilterChain))
#3 C:\wamp\www\yii\framework\web\filters\CInlineFilter.php(58): CController->filterAccessControl(Object(CFilterChain))
#4 C:\wamp\www\yii\framework\web\filters\CFilterChain.php(130): CInlineFilter->filter(Object(CFilterChain))
#5 C:\wamp\www\yii\framework\web\CController.php(291): CFilterChain->run()
#6 C:\wamp\www\yii\framework\web\CController.php(265): CController->runActionWithFilters(Object(CInlineAction), Array)
#7 C:\wamp\www\yii\framework\web\CWebApplication.php(282): CController->run('admin')
#8 C:\wamp\www\yii\framework\web\CWebApplication.php(141): CWebApplication->runController('parvulo/admin')
#9 C:\wamp\www\yii\framework\base\CApplication.php(184): CWebApplication->processRequest()
#10 C:\wamp\www\yii\jardin\index.php(13): CApplication->run()
#11 {main}
REQUEST_URI=/yii/jardin/index.php?r=parvulo/admin
HTTP_REFERER=http://localhost/yii/jardin/index.php?r=parvulo&view=view
---
2015/09/11 14:52:06 [error] [exception.CHttpException.403] exception 'CHttpException' with message 'You are not authorized to perform this action.' in C:\wamp\www\yii\framework\web\auth\CAccessControlFilter.php:182
Stack trace:
#0 C:\wamp\www\yii\framework\web\auth\CAccessControlFilter.php(145): CAccessControlFilter->accessDenied(Object(CWebUser), 'You are not aut...')
#1 C:\wamp\www\yii\framework\web\filters\CFilter.php(38): CAccessControlFilter->preFilter(Object(CFilterChain))
#2 C:\wamp\www\yii\framework\web\CController.php(1145): CFilter->filter(Object(CFilterChain))
#3 C:\wamp\www\yii\framework\web\filters\CInlineFilter.php(58): CController->filterAccessControl(Object(CFilterChain))
#4 C:\wamp\www\yii\framework\web\filters\CFilterChain.php(130): CInlineFilter->filter(Object(CFilterChain))
#5 C:\wamp\www\yii\framework\web\CController.php(291): CFilterChain->run()
#6 C:\wamp\www\yii\framework\web\CController.php(265): CController->runActionWithFilters(Object(CInlineAction), Array)
#7 C:\wamp\www\yii\framework\web\CWebApplication.php(282): CController->run('admin')
#8 C:\wamp\www\yii\framework\web\CWebApplication.php(141): CWebApplication->runController('parvulo/admin')
#9 C:\wamp\www\yii\framework\base\CApplication.php(184): CWebApplication->processRequest()
#10 C:\wamp\www\yii\jardin\index.php(13): CApplication->run()
#11 {main}
REQUEST_URI=/yii/jardin/index.php?r=parvulo/admin
HTTP_REFERER=http://localhost/yii/jardin/index.php?r=site/login
---
2015/09/11 17:09:30 [error] [system.db.CDbCommand] CDbCommand::execute() failed: SQLSTATE[23000]: Integrity constraint violation: 1062 Duplicate entry '12.456.789-0' for key 'PRIMARY'. The SQL statement executed was: INSERT INTO `parvulo` (`nombre`, `rut`, `contrasena`, `talla`, `peso`, `email`, `fecha_nacimiento`) VALUES (:yp0, :yp1, :yp2, :yp3, :yp4, :yp5, :yp6).
in C:\wamp\www\yii\jardin\protected\controllers\ParvuloController.php (73)
in C:\wamp\www\yii\jardin\index.php (13)
2015/09/11 17:09:30 [error] [exception.CDbException] exception 'CDbException' with message 'CDbCommand failed to execute the SQL statement: SQLSTATE[23000]: Integrity constraint violation: 1062 Duplicate entry '12.456.789-0' for key 'PRIMARY'. The SQL statement executed was: INSERT INTO `parvulo` (`nombre`, `rut`, `contrasena`, `talla`, `peso`, `email`, `fecha_nacimiento`) VALUES (:yp0, :yp1, :yp2, :yp3, :yp4, :yp5, :yp6)' in C:\wamp\www\yii\framework\db\CDbCommand.php:358
Stack trace:
#0 C:\wamp\www\yii\framework\db\ar\CActiveRecord.php(1080): CDbCommand->execute()
#1 C:\wamp\www\yii\framework\db\ar\CActiveRecord.php(809): CActiveRecord->insert(NULL)
#2 C:\wamp\www\yii\jardin\protected\controllers\ParvuloController.php(73): CActiveRecord->save()
#3 C:\wamp\www\yii\framework\web\actions\CInlineAction.php(49): ParvuloController->actionCreate()
#4 C:\wamp\www\yii\framework\web\CController.php(308): CInlineAction->runWithParams(Array)
#5 C:\wamp\www\yii\framework\web\filters\CFilterChain.php(133): CController->runAction(Object(CInlineAction))
#6 C:\wamp\www\yii\framework\web\filters\CFilter.php(40): CFilterChain->run()
#7 C:\wamp\www\yii\framework\web\CController.php(1145): CFilter->filter(Object(CFilterChain))
#8 C:\wamp\www\yii\framework\web\filters\CInlineFilter.php(58): CController->filterAccessControl(Object(CFilterChain))
#9 C:\wamp\www\yii\framework\web\filters\CFilterChain.php(130): CInlineFilter->filter(Object(CFilterChain))
#10 C:\wamp\www\yii\framework\web\CController.php(291): CFilterChain->run()
#11 C:\wamp\www\yii\framework\web\CController.php(265): CController->runActionWithFilters(Object(CInlineAction), Array)
#12 C:\wamp\www\yii\framework\web\CWebApplication.php(282): CController->run('create')
#13 C:\wamp\www\yii\framework\web\CWebApplication.php(141): CWebApplication->runController('parvulo/create')
#14 C:\wamp\www\yii\framework\base\CApplication.php(184): CWebApplication->processRequest()
#15 C:\wamp\www\yii\jardin\index.php(13): CApplication->run()
#16 {main}
REQUEST_URI=/yii/jardin/index.php?r=parvulo/create
HTTP_REFERER=http://localhost/yii/jardin/index.php?r=parvulo/create
---
2015/09/11 17:09:49 [error] [system.db.CDbCommand] CDbCommand::execute() failed: SQLSTATE[23000]: Integrity constraint violation: 1062 Duplicate entry '12.456.789-0' for key 'PRIMARY'. The SQL statement executed was: INSERT INTO `parvulo` (`nombre`, `rut`, `contrasena`, `talla`, `peso`, `email`, `fecha_nacimiento`) VALUES (:yp0, :yp1, :yp2, :yp3, :yp4, :yp5, :yp6).
in C:\wamp\www\yii\jardin\protected\controllers\ParvuloController.php (73)
in C:\wamp\www\yii\jardin\index.php (13)
2015/09/11 17:09:49 [error] [exception.CDbException] exception 'CDbException' with message 'CDbCommand failed to execute the SQL statement: SQLSTATE[23000]: Integrity constraint violation: 1062 Duplicate entry '12.456.789-0' for key 'PRIMARY'. The SQL statement executed was: INSERT INTO `parvulo` (`nombre`, `rut`, `contrasena`, `talla`, `peso`, `email`, `fecha_nacimiento`) VALUES (:yp0, :yp1, :yp2, :yp3, :yp4, :yp5, :yp6)' in C:\wamp\www\yii\framework\db\CDbCommand.php:358
Stack trace:
#0 C:\wamp\www\yii\framework\db\ar\CActiveRecord.php(1080): CDbCommand->execute()
#1 C:\wamp\www\yii\framework\db\ar\CActiveRecord.php(809): CActiveRecord->insert(NULL)
#2 C:\wamp\www\yii\jardin\protected\controllers\ParvuloController.php(73): CActiveRecord->save()
#3 C:\wamp\www\yii\framework\web\actions\CInlineAction.php(49): ParvuloController->actionCreate()
#4 C:\wamp\www\yii\framework\web\CController.php(308): CInlineAction->runWithParams(Array)
#5 C:\wamp\www\yii\framework\web\filters\CFilterChain.php(133): CController->runAction(Object(CInlineAction))
#6 C:\wamp\www\yii\framework\web\filters\CFilter.php(40): CFilterChain->run()
#7 C:\wamp\www\yii\framework\web\CController.php(1145): CFilter->filter(Object(CFilterChain))
#8 C:\wamp\www\yii\framework\web\filters\CInlineFilter.php(58): CController->filterAccessControl(Object(CFilterChain))
#9 C:\wamp\www\yii\framework\web\filters\CFilterChain.php(130): CInlineFilter->filter(Object(CFilterChain))
#10 C:\wamp\www\yii\framework\web\CController.php(291): CFilterChain->run()
#11 C:\wamp\www\yii\framework\web\CController.php(265): CController->runActionWithFilters(Object(CInlineAction), Array)
#12 C:\wamp\www\yii\framework\web\CWebApplication.php(282): CController->run('create')
#13 C:\wamp\www\yii\framework\web\CWebApplication.php(141): CWebApplication->runController('parvulo/create')
#14 C:\wamp\www\yii\framework\base\CApplication.php(184): CWebApplication->processRequest()
#15 C:\wamp\www\yii\jardin\index.php(13): CApplication->run()
#16 {main}
REQUEST_URI=/yii/jardin/index.php?r=parvulo/create
HTTP_REFERER=http://localhost/yii/jardin/index.php?r=parvulo/create
---
